<?xml version="1.0" encoding="UTF-8"?>
<testng-results skipped="0" failed="0" total="2" passed="2">
  <reporter-output>
  </reporter-output>
  <suite name="Suite" duration-ms="13894" started-at="2019-04-02T17:51:12Z" finished-at="2019-04-02T17:51:26Z">
    <groups>
    </groups>
    <test name="Test" duration-ms="13894" started-at="2019-04-02T17:51:12Z" finished-at="2019-04-02T17:51:26Z">
      <class name="testAutomation.LoginTests">
        <test-method status="PASS" signature="login_WrongPassword()[pri:0, instance:testAutomation.LoginTests@48974e45]" name="login_WrongPassword" duration-ms="8191" started-at="2019-04-02T23:21:12Z" finished-at="2019-04-02T23:21:20Z">
          <reporter-output>
          </reporter-output>
        </test-method> <!-- login_WrongPassword -->
        <test-method status="PASS" signature="login_correctCredentials()[pri:0, instance:testAutomation.LoginTests@48974e45]" name="login_correctCredentials" duration-ms="5631" started-at="2019-04-02T23:21:20Z" finished-at="2019-04-02T23:21:26Z">
          <reporter-output>
          </reporter-output>
        </test-method> <!-- login_correctCredentials -->
      </class> <!-- testAutomation.LoginTests -->
    </test> <!-- Test -->
  </suite> <!-- Suite -->
</testng-results>
